[INFO] initial_setup and main_loop completed successfully.
Waiting until tomorrow's 8:20 AM...
Manually interrupted, cleaning up...
Discord bot started.
Starting the main trading bot...
[INFO] Running initial_setup and main_loop at 2025-08-07 16:04:00
We have logged in as TradeMaster#8429

[DATA_AQUISITION] 'is_market_open()' DATA: 
{'afterHours': True, 'currencies': {'crypto': 'open', 'fx': 'open'}, 'earlyHours': False, 'exchanges': {'nasdaq': 'extended-hours', 'nyse': 'extended-hours', 'otc': 'extended-hours'}, 'indicesGroups': {'s_and_p': 'open', 'societe_generale': 'open', 'msci': 'open', 'ftse_russell': 'open', 'mstar': 'open', 'mstarc': 'open', 'cccy': 'open', 'cgi': 'open', 'nasdaq': 'open', 'dow_jones': 'closed'}, 'market': 'extended-hours', 'serverTime': '2025-08-07T16:04:03-04:00'}

[ERROR] Exception in main loop: [Errno 2] No such file or directory: 'C:\\Users\\HNI\\OneDrive\\Desktop\\Coding\\Trading programs\\Flag-Zone-Bot\\logs\\SPY_2M.log'
[INFO] Running initial_setup and main_loop at 2025-08-07 16:04:14
We have logged in as TradeMaster#8429

[DATA_AQUISITION] 'is_market_open()' DATA: 
{'afterHours': True, 'currencies': {'crypto': 'open', 'fx': 'open'}, 'earlyHours': False, 'exchanges': {'nasdaq': 'extended-hours', 'nyse': 'extended-hours', 'otc': 'extended-hours'}, 'indicesGroups': {'s_and_p': 'open', 'societe_generale': 'open', 'msci': 'open', 'ftse_russell': 'open', 'mstar': 'open', 'mstarc': 'open', 'cccy': 'open', 'cgi': 'open', 'nasdaq': 'open', 'dow_jones': 'closed'}, 'market': 'extended-hours', 'serverTime': '2025-08-07T16:04:15-04:00'}

[ERROR] Exception in main loop: [Errno 2] No such file or directory: 'C:\\Users\\HNI\\OneDrive\\Desktop\\Coding\\Trading programs\\Flag-Zone-Bot\\logs\\SPY_2M.log'
[INFO] Running initial_setup and main_loop at 2025-08-07 16:04:25
We have logged in as TradeMaster#8429

[DATA_AQUISITION] 'is_market_open()' DATA: 
{'afterHours': True, 'currencies': {'crypto': 'open', 'fx': 'open'}, 'earlyHours': False, 'exchanges': {'nasdaq': 'extended-hours', 'nyse': 'extended-hours', 'otc': 'extended-hours'}, 'indicesGroups': {'s_and_p': 'open', 'societe_generale': 'open', 'msci': 'open', 'ftse_russell': 'open', 'mstar': 'open', 'mstarc': 'open', 'cccy': 'open', 'cgi': 'open', 'nasdaq': 'open', 'dow_jones': 'closed'}, 'market': 'extended-hours', 'serverTime': '2025-08-07T16:04:26-04:00'}

[ERROR] Exception in main loop: [Errno 2] No such file or directory: 'C:\\Users\\HNI\\OneDrive\\Desktop\\Coding\\Trading programs\\Flag-Zone-Bot\\logs\\SPY_2M.log'
[INFO] Running initial_setup and main_loop at 2025-08-07 16:04:36
We have logged in as TradeMaster#8429

[DATA_AQUISITION] 'is_market_open()' DATA: 
{'afterHours': True, 'currencies': {'crypto': 'open', 'fx': 'open'}, 'earlyHours': False, 'exchanges': {'nasdaq': 'extended-hours', 'nyse': 'extended-hours', 'otc': 'extended-hours'}, 'indicesGroups': {'s_and_p': 'open', 'societe_generale': 'open', 'msci': 'open', 'ftse_russell': 'open', 'mstar': 'open', 'mstarc': 'open', 'cccy': 'open', 'cgi': 'open', 'nasdaq': 'open', 'dow_jones': 'closed'}, 'market': 'extended-hours', 'serverTime': '2025-08-07T16:04:37-04:00'}

[ERROR] Exception in main loop: [Errno 2] No such file or directory: 'C:\\Users\\HNI\\OneDrive\\Desktop\\Coding\\Trading programs\\Flag-Zone-Bot\\logs\\SPY_2M.log'
[INFO] Running initial_setup and main_loop at 2025-08-07 16:04:47
We have logged in as TradeMaster#8429

[DATA_AQUISITION] 'is_market_open()' DATA: 
{'afterHours': True, 'currencies': {'crypto': 'open', 'fx': 'open'}, 'earlyHours': False, 'exchanges': {'nasdaq': 'extended-hours', 'nyse': 'extended-hours', 'otc': 'extended-hours'}, 'indicesGroups': {'s_and_p': 'open', 'societe_generale': 'open', 'msci': 'open', 'ftse_russell': 'open', 'mstar': 'open', 'mstarc': 'open', 'cccy': 'open', 'cgi': 'open', 'nasdaq': 'open', 'dow_jones': 'closed'}, 'market': 'extended-hours', 'serverTime': '2025-08-07T16:04:47-04:00'}

[ERROR] Exception in main loop: [Errno 2] No such file or directory: 'C:\\Users\\HNI\\OneDrive\\Desktop\\Coding\\Trading programs\\Flag-Zone-Bot\\logs\\SPY_2M.log'
Manually interrupted, cleaning up...
Discord bot started.
Starting the main trading bot...
[INFO] Running initial_setup and main_loop at 2025-08-07 16:05:36
We have logged in as TradeMaster#8429

[DATA_AQUISITION] 'is_market_open()' DATA: 
{'afterHours': True, 'currencies': {'crypto': 'open', 'fx': 'open'}, 'earlyHours': False, 'exchanges': {'nasdaq': 'extended-hours', 'nyse': 'extended-hours', 'otc': 'extended-hours'}, 'indicesGroups': {'s_and_p': 'open', 'societe_generale': 'open', 'msci': 'open', 'ftse_russell': 'open', 'mstar': 'open', 'mstarc': 'open', 'cccy': 'open', 'cgi': 'open', 'nasdaq': 'open', 'dow_jones': 'closed'}, 'market': 'extended-hours', 'serverTime': '2025-08-07T16:05:39-04:00'}

[ERROR] Exception in main loop: [Errno 2] No such file or directory: 'C:\\Users\\HNI\\OneDrive\\Desktop\\Coding\\Trading programs\\Flag-Zone-Bot\\logs\\SPY_2M.log'
Manually interrupted, cleaning up...
Discord bot started.
These functions below are just tests
[GCCD] Data received; Candles from '09:30:00' to '15:45:00'.

[Fallback] Cleaned Polygon 15M:
                         open     close      high       low
timestamp                                                  
2025-08-07 09:30:00  636.2400  636.2000  636.9800  635.7000
2025-08-07 09:45:00  636.2000  636.4800  636.5500  635.2999
2025-08-07 10:00:00  636.4900  634.6850  636.8200  634.3400
2025-08-07 10:15:00  634.6800  633.8200  634.7450  633.1200
2025-08-07 10:30:00  633.8100  633.9965  634.0300  633.2600
2025-08-07 10:45:00  633.9900  632.7200  634.2350  632.3900
2025-08-07 11:00:00  632.7300  632.1851  633.1400  632.0901
2025-08-07 11:15:00  632.1700  631.9699  633.0550  631.7600
2025-08-07 11:30:00  631.9700  631.7950  632.4400  631.6100
2025-08-07 11:45:00  631.7800  631.8946  632.2900  631.3500
2025-08-07 12:00:00  631.8600  632.2300  632.3500  631.1316
2025-08-07 12:15:00  632.2300  632.2450  632.6000  631.9750
2025-08-07 12:30:00  632.2500  630.5607  632.6100  630.4700
2025-08-07 12:45:00  630.5500  631.2400  632.0500  630.0700
2025-08-07 13:00:00  631.2400  630.6100  631.8700  630.3700
2025-08-07 13:15:00  630.6016  630.0300  631.0950  630.0000
2025-08-07 13:30:00  630.0000  630.4700  630.6300  629.6900
2025-08-07 13:45:00  630.4500  630.7400  631.0800  630.2600
2025-08-07 14:00:00  630.7400  629.8800  631.0399  629.5600
2025-08-07 14:15:00  629.8900  629.9200  630.0000  629.1100
2025-08-07 14:30:00  629.9200  629.5900  630.3400  629.4600
2025-08-07 14:45:00  629.5800  630.5107  630.8700  629.5200
2025-08-07 15:00:00  630.5213  630.2350  630.7900  630.1700
2025-08-07 15:15:00  630.2100  630.2700  630.5050  630.0100
2025-08-07 15:30:00  630.2800  631.2845  631.3100  630.2600
2025-08-07 15:45:00  631.2800  631.0500  631.5600  630.8700

[pull_and_replace_15m] Main CSV `SPY_15_minute_candles.csv` updated with Polygon fallback.

[2025-08-07 (id, lvl)] resistance: (05229, 636.98) | support: (05230, 629.11)
[VIZL] Starting with 92 zones and 121 levels
[RESISTANCE ZONE BOTTOM] Body-Based Mode: [33898, 636.2] (SVF) Size: 0.601
[   SUPPORT ZONE TOP   ] Body-Based Mode: [33917, 629.92] (SVF) Size: 0.060
[display_update] Step set to 3850. 215 objects displayed.
[pull_and_replace_15m] Timeline + objects updated.
Starting the main trading bot...
[INFO] Running initial_setup and main_loop at 2025-08-07 16:32:19
We have logged in as TradeMaster#8429

[DATA_AQUISITION] 'is_market_open()' DATA: 
{'afterHours': True, 'currencies': {'crypto': 'open', 'fx': 'open'}, 'earlyHours': False, 'exchanges': {'nasdaq': 'extended-hours', 'nyse': 'extended-hours', 'otc': 'extended-hours'}, 'indicesGroups': {'s_and_p': 'open', 'societe_generale': 'open', 'msci': 'open', 'ftse_russell': 'open', 'mstar': 'open', 'mstarc': 'open', 'cccy': 'open', 'cgi': 'open', 'nasdaq': 'open', 'dow_jones': 'closed'}, 'market': 'extended-hours', 'serverTime': '2025-08-07T16:32:24-04:00'}

[INFO] Market already closed. Skipping main_loop and EOD.
[INFO] initial_setup and main_loop completed successfully.
Waiting until tomorrow's 8:20 AM...
Manually interrupted, cleaning up...
Discord bot started.
Starting the main trading bot...
[INFO] Running initial_setup and main_loop at 2025-08-07 17:14:07
We have logged in as TradeMaster#8429

[DATA_AQUISITION] 'is_market_open()' DATA: 
{'afterHours': True, 'currencies': {'crypto': 'open', 'fx': 'open'}, 'earlyHours': False, 'exchanges': {'nasdaq': 'extended-hours', 'nyse': 'extended-hours', 'otc': 'closed'}, 'indicesGroups': {'s_and_p': 'open', 'societe_generale': 'open', 'msci': 'open', 'ftse_russell': 'open', 'mstar': 'open', 'mstarc': 'open', 'cccy': 'open', 'cgi': 'open', 'nasdaq': 'open', 'dow_jones': 'closed'}, 'market': 'extended-hours', 'serverTime': '2025-08-07T17:14:11-04:00'}

[INFO] Market already closed. Skipping main_loop and EOD.
[INFO] initial_setup and main_loop completed successfully.
Waiting until tomorrow's 8:20 AM...
